<?xml version="1.0" encoding="utf-8"?><testsuites name="pytest tests"><testsuite name="pytest" errors="0" failures="0" skipped="0" tests="17" time="4.578" timestamp="2026-02-25T06:53:49.500366+00:00" hostname="agent-env-fac9c811-2245-4df7-830a-1b1556fd0e50"><testcase classname="backend.tests.test_idempotency.TestAuthAndHealth" name="test_api_health" time="0.209" /><testcase classname="backend.tests.test_idempotency.TestAuthAndHealth" name="test_admin_login" time="0.377" /><testcase classname="backend.tests.test_idempotency.TestAuthAndHealth" name="test_superadmin_login" time="0.347" /><testcase classname="backend.tests.test_idempotency.TestSingleServiceIdempotency" name="test_create_service_with_client_uuid_first_call" time="0.474" /><testcase classname="backend.tests.test_idempotency.TestSingleServiceIdempotency" name="test_create_service_with_same_client_uuid_returns_existing" time="0.235" /><testcase classname="backend.tests.test_idempotency.TestSingleServiceIdempotency" name="test_create_service_without_client_uuid_backward_compat" time="0.114" /><testcase classname="backend.tests.test_idempotency.TestSingleServiceIdempotency" name="test_create_service_client_uuid_validation" time="0.102" /><testcase classname="backend.tests.test_idempotency.TestBatchSyncIdempotency" name="test_sync_batch_with_client_uuids_creates_services" time="0.469" /><testcase classname="backend.tests.test_idempotency.TestBatchSyncIdempotency" name="test_sync_batch_same_client_uuids_returns_existing" time="0.222" /><testcase classname="backend.tests.test_idempotency.TestBatchSyncIdempotency" name="test_sync_batch_mix_new_and_existing" time="0.214" /><testcase classname="backend.tests.test_idempotency.TestBatchSyncIdempotency" name="test_sync_batch_without_client_uuids_backward_compat" time="0.114" /><testcase classname="backend.tests.test_idempotency.TestEdgeCases" name="test_sync_with_validation_errors_continues" time="0.467" /><testcase classname="backend.tests.test_idempotency.TestEdgeCases" name="test_different_orgs_same_client_uuid" time="0.112" /><testcase classname="backend.tests.test_idempotency.TestTaxiturOrigenValidation" name="test_taxitur_origen_required" time="0.581" /><testcase classname="backend.tests.test_idempotency.TestTaxiturOrigenValidation" name="test_taxitur_origen_valid_values" time="0.104" /><testcase classname="backend.tests.test_idempotency.TestTaxiturOrigenValidation" name="test_taxitur_origen_parada_works" time="0.124" /><testcase classname="backend.tests.test_idempotency.TestTaxiturOrigenValidation" name="test_taxitur_origen_lagos_works" time="0.114" /></testsuite></testsuites>