<?xml version="1.0" encoding="utf-8"?><testsuites name="pytest tests"><testsuite name="pytest" errors="0" failures="0" skipped="0" tests="12" time="2.808" timestamp="2026-02-25T07:19:32.506194+00:00" hostname="agent-env-fac9c811-2245-4df7-830a-1b1556fd0e50"><testcase classname="backend.tests.test_feature_flags.TestFeatureFlagsAuthorization" name="test_superadmin_can_toggle_feature_on" time="0.561" /><testcase classname="backend.tests.test_feature_flags.TestFeatureFlagsAuthorization" name="test_superadmin_can_toggle_feature_off" time="0.114" /><testcase classname="backend.tests.test_feature_flags.TestFeatureFlagsAuthorization" name="test_admin_gets_403_forbidden" time="0.454" /><testcase classname="backend.tests.test_feature_flags.TestFeatureFlagsValidation" name="test_invalid_feature_key_returns_400" time="0.107" /><testcase classname="backend.tests.test_feature_flags.TestFeatureFlagsValidation" name="test_non_boolean_value_returns_400" time="0.263" /><testcase classname="backend.tests.test_feature_flags.TestFeatureFlagsValidation" name="test_empty_features_object_returns_400" time="0.102" /><testcase classname="backend.tests.test_feature_flags.TestFeatureFlagsValidation" name="test_missing_features_key_returns_400" time="0.159" /><testcase classname="backend.tests.test_feature_flags.TestFeatureFlagsMerge" name="test_merge_preserves_existing_features" time="0.326" /><testcase classname="backend.tests.test_feature_flags.TestFeatureFlagsOrgValidation" name="test_invalid_org_id_returns_400" time="0.099" /><testcase classname="backend.tests.test_feature_flags.TestFeatureFlagsOrgValidation" name="test_nonexistent_org_returns_404" time="0.128" /><testcase classname="backend.tests.test_feature_flags.TestFeatureFlagsIntegration" name="test_feature_flag_visible_in_get_organizations" time="0.222" /><testcase classname="backend.tests.test_feature_flags.TestCleanup" name="test_restore_taxitur_origen_enabled" time="0.104" /></testsuite></testsuites>